
Showing logs for build [32mcirclelightindream-microproject-rlhr5-2[0m stage [32mmeta-pipeline[0m and container [32mstep-credential-initializer-95j49[0m
{"level":"warn","ts":1568867238.4923115,"logger":"fallback-logger","caller":"logging/config.go:69","msg":"Fetch GitHub commit ID from kodata failed: \"ref: refs/heads/master\" is not a valid GitHub commit ID"}
{"level":"info","ts":1568867238.4929323,"logger":"fallback-logger","caller":"creds-init/main.go:40","msg":"Credentials initialized."}

Showing logs for build [32mcirclelightindream-microproject-rlhr5-2[0m stage [32mmeta-pipeline[0m and container [32mstep-working-dir-initializer-fk8fg[0m
{"level":"warn","ts":1568867238.941962,"logger":"fallback-logger","caller":"logging/config.go:69","msg":"Fetch GitHub commit ID from kodata failed: open /var/run/ko/HEAD: no such file or directory"}
{"level":"info","ts":1568867238.9435847,"logger":"fallback-logger","caller":"bash/main.go:65","msg":"Successfully executed command \"mkdir -p /workspace/source\""}

Showing logs for build [32mcirclelightindream-microproject-rlhr5-2[0m stage [32mmeta-pipeline[0m and container [32mstep-place-tools[0m

Showing logs for build [32mcirclelightindream-microproject-rlhr5-2[0m stage [32mmeta-pipeline[0m and container [32mstep-git-source-meta-circlelightindream-micropr-4vfgf[0m
{"level":"warn","ts":1568867244.0090683,"logger":"fallback-logger","caller":"logging/config.go:69","msg":"Fetch GitHub commit ID from kodata failed: \"ref: refs/heads/master\" is not a valid GitHub commit ID"}
{"level":"info","ts":1568867247.3505917,"logger":"fallback-logger","caller":"git/git.go:102","msg":"Successfully cloned https://github.com/******************/microproject.git @ c7051b772debabab2ab99faf3a2b7f5770f96bb9 in path /workspace/source"}

Showing logs for build [32mcirclelightindream-microproject-rlhr5-2[0m stage [32mmeta-pipeline[0m and container [32mstep-git-merge[0m
Using SHAs from PULL_REFS=master:c7051b772debabab2ab99faf3a2b7f5770f96bb9
WARNING: no SHAs to merge, falling back to initial cloned commit

Showing logs for build [32mcirclelightindream-microproject-rlhr5-2[0m stage [32mmeta-pipeline[0m and container [32mstep-merge-pull-refs[0m
SKIP merge-pull-refs: Nothing to merge

Showing logs for build [32mcirclelightindream-microproject-rlhr5-2[0m stage [32mmeta-pipeline[0m and container [32mstep-create-effective-pipeline[0m
Deleting and cloning the Jenkins X versions repo
Cloning the Jenkins X versions repo https://github.com/jenkins-x/jenkins-x-versions.git with ref refs/heads/master to /builder/home/.**/jenkins-x-versions
Effective pipeline written to jenkins-x-release-effective.yml

Showing logs for build [32mcirclelightindream-microproject-rlhr5-2[0m stage [32mmeta-pipeline[0m and container [32mstep-create-tekton-crds[0m
running command: echo \$(**-release-version) > VERSION

running command: mvn versions:set -DnewVersion=\$(cat VERSION)
Picked up _JAVA_OPTIONS: -XX:+UnlockExperimentalVMOptions -XX:+UseCGroupMemoryLimitForHeap -Dsun.zip.disableMemoryMapping=true -XX:+UseParallelGC -XX:MinHeapFreeRatio=5 -XX:MaxHeapFreeRatio=10 -XX:GCTimeRatio=4 -XX:AdaptiveSizePolicyWeight=90 -Xms10m -Xmx192m
OpenJDK 64-Bit Server VM warning: If the number of processors is expected to increase from one, then you should configure the number of parallel GC threads appropriately using -XX:ParallelGCThreads=N
[INFO] Scanning for projects...
[INFO] 
[INFO] ---------------------< com.treasuremountain:demo >----------------------
[INFO] Building demo 0.0.1-SNAPSHOT
[INFO] --------------------------------[ jar ]---------------------------------
[INFO] 
[INFO] --- versions-maven-plugin:2.7:set (default-cli) @ demo ---
[INFO] Searching for local aggregator root...
[INFO] Local aggregation root: /workspace/source
[INFO] Processing change of com.treasuremountain:demo:0.0.1-SNAPSHOT -> 0.0.2
[INFO] Processing com.treasuremountain:demo
[INFO]     Updating project com.treasuremountain:demo
[INFO]         from version 0.0.1-SNAPSHOT to 0.0.2
[INFO] 
[INFO] ------------------------------------------------------------------------
[INFO] BUILD SUCCESS
[INFO] ------------------------------------------------------------------------
[INFO] Total time:  14.495 s
[INFO] Finished at: 2019-09-19T04:27:59Z
[INFO] ------------------------------------------------------------------------

running command: ** step tag --version \$(cat VERSION)
Updating chart version in charts/microproject/Chart.yaml to 0.0.2
Updating repository in charts/microproject/values.yaml to registry.cn-zhangjiakou.aliyuncs.com/******************/microproject
Updating tag in charts/microproject/values.yaml to 0.0.2
Tag v0.0.2 created and pushed to remote origin

WARNING: failed to find secret kaniko-secret in namespace **: secrets "kaniko-secret" not found
PipelineActivity for ******************-microproject-master-2
Applying changes 
upserted PipelineResource ******************-microproject for the git repository https://github.com/******************/microproject.git
upserted Task ******************-microproject-rlhr5-from-build-pack-2
upserted Pipeline ******************-microproject-rlhr5-2
created PipelineRun ******************-microproject-rlhr5-2
created PipelineStructure ******************-microproject-rlhr5-2

Showing logs for build [32mcirclelightindream-microproject-rlhr5-2[0m stage [32mfrom-build-pack[0m and container [32mstep-credential-initializer-bs94m[0m
{"level":"warn","ts":1568867287.0881836,"logger":"fallback-logger","caller":"logging/config.go:69","msg":"Fetch GitHub commit ID from kodata failed: \"ref: refs/heads/master\" is not a valid GitHub commit ID"}
{"level":"info","ts":1568867287.088647,"logger":"fallback-logger","caller":"creds-init/main.go:40","msg":"Credentials initialized."}

Showing logs for build [32mcirclelightindream-microproject-rlhr5-2[0m stage [32mfrom-build-pack[0m and container [32mstep-working-dir-initializer-kdkdx[0m
{"level":"warn","ts":1568867288.3561265,"logger":"fallback-logger","caller":"logging/config.go:69","msg":"Fetch GitHub commit ID from kodata failed: open /var/run/ko/HEAD: no such file or directory"}
{"level":"info","ts":1568867288.3577564,"logger":"fallback-logger","caller":"bash/main.go:65","msg":"Successfully executed command \"mkdir -p /workspace/source /workspace/source/charts/microproject\""}

Showing logs for build [32mcirclelightindream-microproject-rlhr5-2[0m stage [32mfrom-build-pack[0m and container [32mstep-place-tools[0m

Showing logs for build [32mcirclelightindream-microproject-rlhr5-2[0m stage [32mfrom-build-pack[0m and container [32mstep-git-source-circlelightindream-microproject-r9hfh[0m
{"level":"warn","ts":1568867295.4083424,"logger":"fallback-logger","caller":"logging/config.go:69","msg":"Fetch GitHub commit ID from kodata failed: \"ref: refs/heads/master\" is not a valid GitHub commit ID"}
{"level":"info","ts":1568867298.6140883,"logger":"fallback-logger","caller":"git/git.go:102","msg":"Successfully cloned https://github.com/******************/microproject.git @ v0.0.2 in path /workspace/source"}

Showing logs for build [32mcirclelightindream-microproject-rlhr5-2[0m stage [32mfrom-build-pack[0m and container [32mstep-git-merge[0m
Using SHAs from PULL_REFS=master:c7051b772debabab2ab99faf3a2b7f5770f96bb9
WARNING: no SHAs to merge, falling back to initial cloned commit

Showing logs for build [32mcirclelightindream-microproject-rlhr5-2[0m stage [32mfrom-build-pack[0m and container [32mstep-setup-jx-git-credentials[0m
Generated Git credentials file /workspace/xdg_config/git/credentials

Showing logs for build [32mcirclelightindream-microproject-rlhr5-2[0m stage [32mfrom-build-pack[0m and container [32mstep-build-mvn-deploy[0m
Picked up _JAVA_OPTIONS: -XX:+UnlockExperimentalVMOptions -XX:+UseCGroupMemoryLimitForHeap -Dsun.zip.disableMemoryMapping=true -XX:+UseParallelGC -XX:MinHeapFreeRatio=5 -XX:MaxHeapFreeRatio=10 -XX:GCTimeRatio=4 -XX:AdaptiveSizePolicyWeight=90 -Xms10m -Xmx192m
OpenJDK 64-Bit Server VM warning: If the number of processors is expected to increase from one, then you should configure the number of parallel GC threads appropriately using -XX:ParallelGCThreads=N
[INFO] Scanning for projects...
[INFO] 
[INFO] ---------------------< com.treasuremountain:demo >----------------------
[INFO] Building demo 0.0.2
[INFO] --------------------------------[ jar ]---------------------------------
[INFO] 
[INFO] --- maven-clean-plugin:3.1.0:clean (default-clean) @ demo ---
[INFO] 
[INFO] --- maven-resources-plugin:3.1.0:resources (default-resources) @ demo ---
[INFO] Using 'UTF-8' encoding to copy filtered resources.
[INFO] Copying 1 resource
[INFO] Copying 0 resource
[INFO] 
[INFO] --- maven-compiler-plugin:3.8.0:compile (default-compile) @ demo ---
[INFO] Changes detected - recompiling the module!
[INFO] Compiling 7 source files to /workspace/source/target/classes
[INFO] 
[INFO] --- maven-resources-plugin:3.1.0:testResources (default-testResources) @ demo ---
[INFO] Using 'UTF-8' encoding to copy filtered resources.
[INFO] Copying 1 resource
[INFO] 
[INFO] --- maven-compiler-plugin:3.8.0:testCompile (default-testCompile) @ demo ---
[INFO] Changes detected - recompiling the module!
[INFO] Compiling 1 source file to /workspace/source/target/test-classes
[INFO] 
[INFO] --- maven-surefire-plugin:3.0.0-M1:test (default-test) @ demo ---
[INFO] 
[INFO] -------------------------------------------------------
[INFO]  T E S T S
[INFO] -------------------------------------------------------
[INFO] Running com.treasuremountain.demo.DemoApplicationTests
04:28:42.489 [main] DEBUG org.springframework.test.context.junit4.SpringJUnit4ClassRunner - SpringJUnit4ClassRunner constructor called with [class com.treasuremountain.demo.DemoApplicationTests]
04:28:42.498 [main] DEBUG org.springframework.test.context.BootstrapUtils - Instantiating CacheAwareContextLoaderDelegate from class [org.springframework.test.context.cache.DefaultCacheAwareContextLoaderDelegate]
04:28:42.509 [main] DEBUG org.springframework.test.context.BootstrapUtils - Instantiating BootstrapContext using constructor [public org.springframework.test.context.support.DefaultBootstrapContext(java.lang.Class,org.springframework.test.context.CacheAwareContextLoaderDelegate)]
04:28:42.536 [main] DEBUG org.springframework.test.context.BootstrapUtils - Instantiating TestContextBootstrapper for test class [com.treasuremountain.demo.DemoApplicationTests] from class [org.springframework.boot.test.context.SpringBootTestContextBootstrapper]
04:28:42.554 [main] INFO org.springframework.boot.test.context.SpringBootTestContextBootstrapper - Neither @ContextConfiguration nor @ContextHierarchy found for test class [com.treasuremountain.demo.DemoApplicationTests], using SpringBootContextLoader
04:28:42.566 [main] DEBUG org.springframework.test.context.support.AbstractContextLoader - Did not detect default resource location for test class [com.treasuremountain.demo.DemoApplicationTests]: class path resource [com/treasuremountain/demo/DemoApplicationTests-context.xml] does not exist
04:28:42.567 [main] DEBUG org.springframework.test.context.support.AbstractContextLoader - Did not detect default resource location for test class [com.treasuremountain.demo.DemoApplicationTests]: class path resource [com/treasuremountain/demo/DemoApplicationTestsContext.groovy] does not exist
04:28:42.567 [main] INFO org.springframework.test.context.support.AbstractContextLoader - Could not detect default resource locations for test class [com.treasuremountain.demo.DemoApplicationTests]: no resource found for suffixes {-context.xml, Context.groovy}.
04:28:42.570 [main] INFO org.springframework.test.context.support.AnnotationConfigContextLoaderUtils - Could not detect default configuration classes for test class [com.treasuremountain.demo.DemoApplicationTests]: DemoApplicationTests does not declare any static, non-private, non-final, nested classes annotated with @Configuration.
04:28:42.623 [main] DEBUG org.springframework.test.context.support.ActiveProfilesUtils - Could not find an 'annotation declaring class' for annotation type [org.springframework.test.context.ActiveProfiles] and class [com.treasuremountain.demo.DemoApplicationTests]
04:28:42.706 [main] DEBUG org.springframework.context.annotation.ClassPathScanningCandidateComponentProvider - Identified candidate component class: file [/workspace/source/target/classes/com/treasuremountain/demo/DemoApplication.class]
04:28:42.708 [main] INFO org.springframework.boot.test.context.SpringBootTestContextBootstrapper - Found @SpringBootConfiguration com.treasuremountain.demo.DemoApplication for test class com.treasuremountain.demo.DemoApplicationTests
04:28:42.824 [main] DEBUG org.springframework.boot.test.context.SpringBootTestContextBootstrapper - @TestExecutionListeners is not present for class [com.treasuremountain.demo.DemoApplicationTests]: using defaults.
04:28:42.825 [main] INFO org.springframework.boot.test.context.SpringBootTestContextBootstrapper - Loaded default TestExecutionListener class names from location [META-INF/spring.factories]: [org.springframework.boot.test.mock.mockito.MockitoTestExecutionListener, org.springframework.boot.test.mock.mockito.ResetMocksTestExecutionListener, org.springframework.boot.test.autoconfigure.restdocs.RestDocsTestExecutionListener, org.springframework.boot.test.autoconfigure.web.client.MockRestServiceServerResetTestExecutionListener, org.springframework.boot.test.autoconfigure.web.servlet.MockMvcPrintOnlyOnFailureTestExecutionListener, org.springframework.boot.test.autoconfigure.web.servlet.WebDriverTestExecutionListener, org.springframework.test.context.web.ServletTestExecutionListener, org.springframework.test.context.support.DirtiesContextBeforeModesTestExecutionListener, org.springframework.test.context.support.DependencyInjectionTestExecutionListener, org.springframework.test.context.support.DirtiesContextTestExecutionListener, org.springframework.test.context.transaction.TransactionalTestExecutionListener, org.springframework.test.context.jdbc.SqlScriptsTestExecutionListener]
04:28:42.844 [main] INFO org.springframework.boot.test.context.SpringBootTestContextBootstrapper - Using TestExecutionListeners: [org.springframework.test.context.web.ServletTestExecutionListener@40ef3420, org.springframework.test.context.support.DirtiesContextBeforeModesTestExecutionListener@498d318c, org.springframework.boot.test.mock.mockito.MockitoTestExecutionListener@6e171cd7, org.springframework.boot.test.autoconfigure.SpringBootDependencyInjectionTestExecutionListener@402bba4f, org.springframework.test.context.support.DirtiesContextTestExecutionListener@795cd85e, org.springframework.test.context.transaction.TransactionalTestExecutionListener@59fd97a8, org.springframework.test.context.jdbc.SqlScriptsTestExecutionListener@f5ac9e4, org.springframework.boot.test.mock.mockito.ResetMocksTestExecutionListener@123ef382, org.springframework.boot.test.autoconfigure.restdocs.RestDocsTestExecutionListener@dbf57b3, org.springframework.boot.test.autoconfigure.web.client.MockRestServiceServerResetTestExecutionListener@384ad17b, org.springframework.boot.test.autoconfigure.web.servlet.MockMvcPrintOnlyOnFailureTestExecutionListener@61862a7f, org.springframework.boot.test.autoconfigure.web.servlet.WebDriverTestExecutionListener@441772e]
04:28:42.847 [main] DEBUG org.springframework.test.annotation.ProfileValueUtils - Retrieved @ProfileValueSourceConfiguration [null] for test class [com.treasuremountain.demo.DemoApplicationTests]
04:28:42.847 [main] DEBUG org.springframework.test.annotation.ProfileValueUtils - Retrieved ProfileValueSource type [class org.springframework.test.annotation.SystemProfileValueSource] for class [com.treasuremountain.demo.DemoApplicationTests]
04:28:42.848 [main] DEBUG org.springframework.test.annotation.ProfileValueUtils - Retrieved @ProfileValueSourceConfiguration [null] for test class [com.treasuremountain.demo.DemoApplicationTests]
04:28:42.849 [main] DEBUG org.springframework.test.annotation.ProfileValueUtils - Retrieved ProfileValueSource type [class org.springframework.test.annotation.SystemProfileValueSource] for class [com.treasuremountain.demo.DemoApplicationTests]
04:28:42.849 [main] DEBUG org.springframework.test.annotation.ProfileValueUtils - Retrieved @ProfileValueSourceConfiguration [null] for test class [com.treasuremountain.demo.DemoApplicationTests]
04:28:42.849 [main] DEBUG org.springframework.test.annotation.ProfileValueUtils - Retrieved ProfileValueSource type [class org.springframework.test.annotation.SystemProfileValueSource] for class [com.treasuremountain.demo.DemoApplicationTests]
04:28:42.854 [main] DEBUG org.springframework.test.context.support.AbstractDirtiesContextTestExecutionListener - Before test class: context [DefaultTestContext@4f6ee6e4 testClass = DemoApplicationTests, testInstance = [null], testMethod = [null], testException = [null], mergedContextConfiguration = [WebMergedContextConfiguration@4466af20 testClass = DemoApplicationTests, locations = '{}', classes = '{class com.treasuremountain.demo.DemoApplication}', contextInitializerClasses = '[]', activeProfiles = '{}', propertySourceLocations = '{}', propertySourceProperties = '{org.springframework.boot.test.context.SpringBootTestContextBootstrapper=true}', contextCustomizers = set[org.springframework.boot.test.context.filter.ExcludeFilterContextCustomizer@704a52ec, org.springframework.boot.test.json.DuplicateJsonObjectContextCustomizerFactory$DuplicateJsonObjectContextCustomizer@2781e022, org.springframework.boot.test.mock.mockito.MockitoContextCustomizer@0, org.springframework.boot.test.web.client.TestRestTemplateContextCustomizer@3cb1ffe6, org.springframework.boot.test.autoconfigure.properties.PropertyMappingContextCustomizer@0, org.springframework.boot.test.autoconfigure.web.servlet.WebDriverContextCustomizerFactory$Customizer@587d1d39], resourceBasePath = 'src/main/webapp', contextLoader = 'org.springframework.boot.test.context.SpringBootContextLoader', parent = [null]], attributes = map['org.springframework.test.context.web.ServletTestExecutionListener.activateListener' -> true]], class annotated with @DirtiesContext [false] with mode [null].
04:28:42.854 [main] DEBUG org.springframework.test.annotation.ProfileValueUtils - Retrieved @ProfileValueSourceConfiguration [null] for test class [com.treasuremountain.demo.DemoApplicationTests]
04:28:42.854 [main] DEBUG org.springframework.test.annotation.ProfileValueUtils - Retrieved ProfileValueSource type [class org.springframework.test.annotation.SystemProfileValueSource] for class [com.treasuremountain.demo.DemoApplicationTests]
04:28:42.878 [main] DEBUG org.springframework.test.context.support.TestPropertySourceUtils - Adding inlined properties to environment: {spring.jmx.enabled=false, org.springframework.boot.test.context.SpringBootTestContextBootstrapper=true, server.port=-1}

  .   ____          _            __ _ _
 /\\ / ___'_ __ _ _(_)_ __  __ _ \ \ \ \
( ( )\___ | '_ | '_| | '_ \/ _` | \ \ \ \
 \\/  ___)| |_)| | | | | || (_| |  ) ) ) )
  '  |____| .__|_| |_|_| |_\__, | / / / /
 =========|_|==============|___/=/_/_/_/
 :: Spring Boot ::        (v2.1.3.RELEASE)

2019-09-19 04:28:43.332  INFO 68 --- [           main] c.t.demo.DemoApplicationTests            : Starting DemoApplicationTests on ******************-microproject-rlhr5-2-from-build-pack-8bzt4-p with PID 68 (started by root in /workspace/source)
2019-09-19 04:28:43.335  INFO 68 --- [           main] c.t.demo.DemoApplicationTests            : No active profile set, falling back to default profiles: default
2019-09-19 04:28:45.755  INFO 68 --- [           main] trationDelegate$BeanPostProcessorChecker : Bean 'org.springframework.transaction.annotation.ProxyTransactionManagementConfiguration' of type [org.springframework.transaction.annotation.ProxyTransactionManagementConfiguration$$EnhancerBySpringCGLIB$$d946a62c] is not eligible for getting processed by all BeanPostProcessors (for example: not eligible for auto-proxying)
2019-09-19 04:28:47.805  INFO 68 --- [           main] o.s.b.a.e.web.EndpointLinksResolver      : Exposing 2 endpoint(s) beneath base path '/actuator'
2019-09-19 04:28:48.022  INFO 68 --- [           main] pertySourcedRequestMappingHandlerMapping : Mapped URL path [/v2/api-docs] onto method [public org.springframework.http.ResponseEntity<springfox.documentation.spring.web.json.Json> springfox.documentation.swagger2.web.Swagger2Controller.getDocumentation(java.lang.String,javax.servlet.http.HttpServletRequest)]
2019-09-19 04:28:48.786  INFO 68 --- [           main] o.s.s.concurrent.ThreadPoolTaskExecutor  : Initializing ExecutorService 'applicationTaskExecutor'
2019-09-19 04:28:49.606  INFO 68 --- [           main] d.s.w.p.DocumentationPluginsBootstrapper : Context refreshed
2019-09-19 04:28:49.654  INFO 68 --- [           main] d.s.w.p.DocumentationPluginsBootstrapper : Found 1 custom documentation plugin(s)
2019-09-19 04:28:49.712  INFO 68 --- [           main] s.d.s.w.s.ApiListingReferenceScanner     : Scanning for api listing references
2019-09-19 04:28:49.926  INFO 68 --- [           main] c.t.demo.DemoApplicationTests            : Started DemoApplicationTests in 7.038 seconds (JVM running for 7.907)
[INFO] Tests run: 1, Failures: 0, Errors: 0, Skipped: 0, Time elapsed: 8.017 s - in com.treasuremountain.demo.DemoApplicationTests
2019-09-19 04:28:50.363  INFO 68 --- [       Thread-4] o.s.s.concurrent.ThreadPoolTaskExecutor  : Shutting down ExecutorService 'applicationTaskExecutor'
[INFO] 
[INFO] Results:
[INFO] 
[INFO] Tests run: 1, Failures: 0, Errors: 0, Skipped: 0
[INFO] 
[INFO] 
[INFO] --- maven-jar-plugin:3.1.1:jar (default-jar) @ demo ---
[INFO] Building jar: /workspace/source/target/demo-0.0.2.jar
[INFO] 
[INFO] --- spring-boot-maven-plugin:2.1.3.RELEASE:repackage (repackage) @ demo ---
[INFO] Replacing main artifact with repackaged archive
[INFO] 
[INFO] --- maven-install-plugin:2.5.2:install (default-install) @ demo ---
[INFO] Installing /workspace/source/target/demo-0.0.2.jar to /root/.mvnrepository/com/treasuremountain/demo/0.0.2/demo-0.0.2.jar
[INFO] Installing /workspace/source/pom.xml to /root/.mvnrepository/com/treasuremountain/demo/0.0.2/demo-0.0.2.pom
[INFO] 
[INFO] --- maven-deploy-plugin:2.8.2:deploy (default-deploy) @ demo ---
[INFO] Using alternate deployment repository nexus::default::http://nexus/repository/maven-releases/
[INFO] ------------------------------------------------------------------------
[INFO] BUILD SUCCESS
[INFO] ------------------------------------------------------------------------
[INFO] Total time:  35.870 s
[INFO] Finished at: 2019-09-19T04:28:57Z
[INFO] ------------------------------------------------------------------------

Showing logs for build [32mcirclelightindream-microproject-rlhr5-2[0m stage [32mfrom-build-pack[0m and container [32mstep-build-skaffold-version[0m
v0.37.0

Showing logs for build [32mcirclelightindream-microproject-rlhr5-2[0m stage [32mfrom-build-pack[0m and container [32mstep-build-container-build[0m
[36mINFO[0m[0000] Downloading base image openjdk:11-jre-slim   
2019/09/19 04:28:57 No matching credentials were found, falling back on anonymous
[36mINFO[0m[0004] Error while retrieving image from cache: getting file info: stat /workspace/sha256:31e765618b9d37e3e73aab362f5b867729007d87f473d26a1aa0a789a1cfea21: no such file or directory 
[36mINFO[0m[0004] Downloading base image openjdk:11-jre-slim   
2019/09/19 04:29:01 No matching credentials were found, falling back on anonymous
[36mINFO[0m[0008] cmd: EXPOSE                                  
[36mINFO[0m[0008] Adding exposed port: 8080/tcp                
[36mINFO[0m[0008] Using files from context: [/workspace/source/pom.xml] 
[36mINFO[0m[0008] Using files from context: [/workspace/source/target/demo-0.0.2.jar] 
[36mINFO[0m[0008] Skipping unpacking as no commands require it. 
[36mINFO[0m[0008] Taking snapshot of full filesystem...        
[36mINFO[0m[0008] ENV PORT 8080                                
[36mINFO[0m[0008] No files changed in this command, skipping snapshotting. 
[36mINFO[0m[0008] ENV CLASSPATH /opt/lib                       
[36mINFO[0m[0008] No files changed in this command, skipping snapshotting. 
[36mINFO[0m[0008] EXPOSE 8080                                  
[36mINFO[0m[0008] cmd: EXPOSE                                  
[36mINFO[0m[0008] Adding exposed port: 8080/tcp                
[36mINFO[0m[0008] No files changed in this command, skipping snapshotting. 
[36mINFO[0m[0008] Using files from context: [/workspace/source/pom.xml] 
[36mINFO[0m[0008] COPY pom.xml target/lib* /opt/lib/           
[36mINFO[0m[0008] Taking snapshot of files...                  
[36mINFO[0m[0008] Using files from context: [/workspace/source/target/demo-0.0.2.jar] 
[36mINFO[0m[0008] COPY target/*.jar /opt/app.jar               
[36mINFO[0m[0009] Taking snapshot of files...                  
[36mINFO[0m[0009] WORKDIR /opt                                 
[36mINFO[0m[0009] cmd: workdir                                 
[36mINFO[0m[0009] Changed working directory to /opt            
[36mINFO[0m[0009] No files changed in this command, skipping snapshotting. 
[36mINFO[0m[0009] CMD ["java", "-jar", "app.jar"]              
[36mINFO[0m[0009] No files changed in this command, skipping snapshotting. 
2019/09/19 04:29:07 existing blob: sha256:377e264464ddccb9550cff64ba470dfdb784acdb2ff265ae333b9215fc873b08
2019/09/19 04:29:07 existing blob: sha256:6ba84ddbf1b2c00387b66d1c920253fe715f40070d2a1498b48bafbb65b0e0d6
2019/09/19 04:29:07 existing blob: sha256:bde67c1ff89fda30053d5c20d0e07ba1de298df013c938e0966f5944fe7bdd08
2019/09/19 04:29:07 existing blob: sha256:b8f262c62ec67f02536f49654de586c022043652bbb6bbf76a8dab1542627a8d
2019/09/19 04:29:07 pushed blob: sha256:78bc4ea79ca8bbdd23a201f55c25a6001e9232ce6ced834eb38fe424c378fad4
2019/09/19 04:29:08 pushed blob: sha256:a2f61dcfb47cd2bf08455302141f3ca8f42d46eb98a79963f9693c7c41683aba
2019/09/19 04:29:51 pushed blob: sha256:1bc23772ea8598651737fd8efefc660e45e4b50ce78acf68290ceeca182eee94
2019/09/19 04:29:52 registry.cn-zhangjiakou.aliyuncs.com/******************/microproject:0.0.2: digest: sha256:27ab91929b46fea521e1ad6f3cc4d732015b73688472f6544c1e80606a1b93af size: 1243

Showing logs for build [32mcirclelightindream-microproject-rlhr5-2[0m stage [32mfrom-build-pack[0m and container [32mstep-build-post-build[0m
no CVE provider running in the current ** namespace so skip adding image to be analysed

Showing logs for build [32mcirclelightindream-microproject-rlhr5-2[0m stage [32mfrom-build-pack[0m and container [32mstep-promote-changelog[0m
Converted /workspace/source/charts/microproject to an unshallow repository
Generating change log from git ref 193bfabb08471fd4758f7623df3b903ecbfcf78f => d92075a62cc389871f0ca4afeab2247c35a0d288
Associating user x-0 in users.jenkins.io with email 1623532921@qq.com to git GitProvider user with login -0 as emails match
Adding label jenkins.io/git-github-userid=-0 to user x-0 in users.jenkins.io
WARNING: Failed to enrich commit 715a4e82aa8c6671f93bc103a4c39cef928260bd with issues: User.jenkins.io "x-0" is invalid: metadata.labels: Invalid value: "-0": a valid label must be an empty string or consist of alphanumeric characters, '-', '_' or '.', and must start and end with an alphanumeric character (e.g. 'MyValue',  or 'my_value',  or '12345', regex used for validation is '(([A-Za-z0-9][-A-Za-z0-9_.]*)?[A-Za-z0-9])?')
Finding issues in commit messages using git format
WARNING: No release found for ******************/microproject and tag v0.0.2 so creating a new release
Updated the release information at https://github.com/******************/microproject/releases/tag/v0.0.2
generated: /workspace/source/charts/microproject/templates/release.yaml
Created Release microproject-0-0-2 resource in namespace **
Updating PipelineActivity ******************-microproject-master-2 with version 0.0.2
Updated PipelineActivities ******************-microproject-master-2 with release notes URL: https://github.com/******************/microproject/releases/tag/v0.0.2

Showing logs for build [32mcirclelightindream-microproject-rlhr5-2[0m stage [32mfrom-build-pack[0m and container [32mstep-promote-helm-release[0m
WARNING: No $CHART_REPOSITORY defined so using the default value of: http://jenkins-x-chartmuseum:8080
Adding missing Helm repo: storage.googleapis.com https://storage.googleapis.com/chartmuseum.jenkins-x.io
Successfully added Helm repository storage.googleapis.com.
Adding missing Helm repo: jenkins-x-chartmuseum http://jenkins-x-chartmuseum:8080
Successfully added Helm repository jenkins-x-chartmuseum.
WARNING: No $CHART_REPOSITORY defined so using the default value of: http://jenkins-x-chartmuseum:8080
Uploading chart file microproject-0.0.2.tgz to http://jenkins-x-chartmuseum:8080/api/charts
Received 201 response: {"saved":true}

Showing logs for build [32mcirclelightindream-microproject-rlhr5-2[0m stage [32mfrom-build-pack[0m and container [32mstep-promote-jx-promote[0m
WARNING: prow based install so skip waiting for the merge of Pull Requests to go green as currently there is an issue with gettingstatuses from the PR, see https://github.com/jenkins-x/**/issues/2410
Promoting app microproject version 0.0.2 to namespace **-staging
Created Pull Request: https://github.com/******************/environment-voicebasalt-staging/pull/2
Pull Request https://github.com/******************/environment-voicebasalt-staging/pull/2 is merged at sha 94176ba9fad460eb342375fca6f1bb254d3eaf38
Pull Request merged but we are not waiting for the update pipeline to complete!
